2019-06-09 23:38:21,754 [Worker-7] INFO  c.g.t.t.d.PublishedGradleVersions - Gradle version information cache is up-to-date. Trying to read.
2019-06-10 06:01:54,146 [Worker-6] INFO  c.g.t.t.d.PublishedGradleVersions - Gradle version information cache is up-to-date. Trying to read.
2019-06-10 20:52:24,488 [Worker-6] INFO  c.g.t.t.d.PublishedGradleVersions - Gradle version information cache is up-to-date. Trying to read.
2019-06-10 23:31:37,141 [Worker-1] INFO  c.g.t.t.d.PublishedGradleVersions - Gradle version information cache is out-of-date. Trying to update.
2019-06-11 20:30:28,267 [Worker-2] INFO  c.g.t.t.d.PublishedGradleVersions - Gradle version information cache is up-to-date. Trying to read.
2019-06-11 21:22:36,822 [Worker-6] INFO  c.g.t.t.d.PublishedGradleVersions - Gradle version information cache is up-to-date. Trying to read.
2019-06-11 23:39:50,340 [Worker-4] INFO  c.g.t.t.d.PublishedGradleVersions - Gradle version information cache is out-of-date. Trying to update.
2019-06-12 20:50:22,930 [Worker-5] INFO  c.g.t.t.d.PublishedGradleVersions - Gradle version information cache is up-to-date. Trying to read.
2019-06-12 21:23:52,279 [Worker-5] INFO  c.g.t.t.d.PublishedGradleVersions - Gradle version information cache is up-to-date. Trying to read.
2019-06-12 21:46:41,275 [Worker-5] INFO  c.g.t.t.d.PublishedGradleVersions - Gradle version information cache is up-to-date. Trying to read.
2019-06-13 03:05:56,030 [Worker-5] INFO  c.g.t.t.d.PublishedGradleVersions - Gradle version information cache is out-of-date. Trying to update.
2019-06-13 20:21:34,865 [Worker-5] INFO  c.g.t.t.d.PublishedGradleVersions - Gradle version information cache is up-to-date. Trying to read.
2019-06-13 21:36:34,226 [Start Help Server] INFO  org.eclipse.jetty.util.log - Logging initialized @4522111ms to org.eclipse.jetty.util.log.Slf4jLog
2019-06-13 21:36:34,522 [Start Help Server] INFO  org.eclipse.jetty.server.Server - jetty-9.4.5.v20170502
2019-06-13 21:36:34,575 [Start Help Server] INFO  org.eclipse.jetty.server.session - DefaultSessionIdManager workerName=node0
2019-06-13 21:36:34,575 [Start Help Server] INFO  org.eclipse.jetty.server.session - No SessionScavenger set, using defaults
2019-06-13 21:36:34,579 [Start Help Server] INFO  org.eclipse.jetty.server.session - Scavenging every 600000ms
2019-06-13 21:36:34,645 [Start Help Server] INFO  o.e.j.server.handler.ContextHandler - Started o.e.j.s.ServletContextHandler@69b46bd7{/help,null,AVAILABLE}
2019-06-13 21:36:34,693 [Start Help Server] INFO  o.e.jetty.server.AbstractConnector - Started ServerConnector@2e17e0e8{HTTP/1.1,[http/1.1]}{127.0.0.1:61880}
2019-06-13 21:36:34,693 [Start Help Server] INFO  org.eclipse.jetty.server.Server - Started @4522579ms
2019-06-13 21:38:01,469 [Stop Help Server] INFO  o.e.jetty.server.AbstractConnector - Stopped ServerConnector@2e17e0e8{HTTP/1.1,[http/1.1]}{127.0.0.1:0}
2019-06-13 21:38:01,470 [Stop Help Server] INFO  org.eclipse.jetty.server.session - Stopped scavenging
2019-06-13 21:38:01,540 [Stop Help Server] INFO  o.e.j.server.handler.ContextHandler - Stopped o.e.j.s.ServletContextHandler@69b46bd7{/help,null,UNAVAILABLE}
2019-06-13 21:38:21,819 [Worker-6] INFO  c.g.t.t.d.PublishedGradleVersions - Gradle version information cache is up-to-date. Trying to read.
2019-06-13 21:55:58,806 [Worker-0] INFO  c.g.t.t.d.PublishedGradleVersions - Gradle version information cache is up-to-date. Trying to read.
2019-06-14 00:55:17,850 [Worker-6] INFO  c.g.t.t.d.PublishedGradleVersions - Gradle version information cache is up-to-date. Trying to read.
2019-06-14 05:08:10,623 [Worker-6] INFO  c.g.t.t.d.PublishedGradleVersions - Gradle version information cache is out-of-date. Trying to update.
2019-06-14 20:23:26,475 [Worker-2] INFO  c.g.t.t.d.PublishedGradleVersions - Gradle version information cache is up-to-date. Trying to read.
2019-06-17 03:30:29,442 [Worker-2] INFO  c.g.t.t.d.PublishedGradleVersions - Gradle version information cache is out-of-date. Trying to update.
